<?xml version="1.0" encoding="UTF-8"?>
<testng-results ignored="0" total="1" passed="1" failed="0" skipped="0">
  <reporter-output>
  </reporter-output>
  <suite started-at="2025-05-14T20:38:13 IST" name="Default suite" finished-at="2025-05-14T20:38:55 IST" duration-ms="41892">
    <groups>
      <group name="sanity">
        <method signature="TC_001_LoginVerify.verify()[pri:0, instance:TestCase.TC_001_LoginVerify@4c309d4d]" name="verify" class="TestCase.TC_001_LoginVerify"/>
      </group> <!-- sanity -->
      <group name="master">
        <method signature="TC_001_LoginVerify.verify()[pri:0, instance:TestCase.TC_001_LoginVerify@4c309d4d]" name="verify" class="TestCase.TC_001_LoginVerify"/>
      </group> <!-- master -->
    </groups>
    <test started-at="2025-05-14T20:38:13 IST" name="Default test" finished-at="2025-05-14T20:38:55 IST" duration-ms="41892">
      <class name="TestCase.TC_001_LoginVerify">
        <test-method is-config="true" signature="launchpad(java.lang.String,java.lang.String)[pri:0, instance:TestCase.TC_001_LoginVerify@4c309d4d]" started-at="2025-05-14T20:38:13 IST" name="launchpad" finished-at="2025-05-14T20:38:21 IST" duration-ms="8426" status="PASS">
          <params>
            <param index="0">
              <value>
                <![CDATA[Windows]]>
              </value>
            </param>
            <param index="1">
              <value>
                <![CDATA[chrome]]>
              </value>
            </param>
          </params>
          <reporter-output>
          </reporter-output>
        </test-method> <!-- launchpad -->
        <test-method signature="verify()[pri:0, instance:TestCase.TC_001_LoginVerify@4c309d4d]" started-at="2025-05-14T20:38:21 IST" name="verify" finished-at="2025-05-14T20:38:54 IST" duration-ms="33116" status="PASS">
          <reporter-output>
          </reporter-output>
        </test-method> <!-- verify -->
        <test-method is-config="true" signature="dismantle()[pri:0, instance:TestCase.TC_001_LoginVerify@4c309d4d]" started-at="2025-05-14T20:38:55 IST" name="dismantle" finished-at="2025-05-14T20:38:55 IST" duration-ms="267" status="PASS">
          <reporter-output>
          </reporter-output>
        </test-method> <!-- dismantle -->
      </class> <!-- TestCase.TC_001_LoginVerify -->
    </test> <!-- Default test -->
  </suite> <!-- Default suite -->
</testng-results>
