<?xml version="1.0" encoding="UTF-8"?>
<!-- Generated by org.testng.reporters.JUnitXMLReporter -->
<testsuite ignored="1" hostname="DESKTOP-0HQ01FK" failures="0" tests="4" name="Functional" time="145.724" errors="0" timestamp="2025-04-25T21:07:38 IST">
  <testcase classname="TestCase.TC_002_Verify_Login" name="verifyLog" time="31.79"/>
  <testcase classname="TestCase.TC_002_Verify_Login" name="verifyLog" time="31.526"/>
  <testcase classname="TestCase.TC_002_Verify_Login" name="verifyLog" time="31.399"/>
  <testcase classname="TestCase.TC_002_Verify_Login" name="verifyLog" time="24.208"/>
  <testcase classname="TestCase.TC_001_LoginVerify" name="verify" time="0.0">
    <ignored/>
  </testcase> <!-- verify -->
</testsuite> <!-- Functional -->
